<?xml version="1.0" encoding="UTF-8"?>
<!-- Generated by org.testng.reporters.JUnitReportReporter -->
<testsuite hostname="M7-DX-HY4WXJ2" name="Cucumber.RunnerClass" tests="1" failures="0" timestamp="7 Aug 2019 09:21:21 GMT" time="0.237" errors="0">
  <testcase name="feature" time="0.237" classname="Cucumber.RunnerClass"/>
</testsuite> <!-- Cucumber.RunnerClass -->
